SF:lib/features/water_jug/domain/usecases/gcd/gcd_usecase_impl.dart
DA:4,1
DA:6,1
DA:7,1
DA:10,2
DA:13,1
DA:18,1
LF:6
LH:6
end_of_record
SF:lib/features/water_jug/domain/usecases/get_all_scenarios/get_all_scenarios_usecase_impl.dart
DA:7,1
DA:13,1
DA:19,2
DA:24,2
DA:29,1
DA:30,1
DA:31,1
DA:33,1
DA:34,1
DA:35,1
DA:36,1
DA:38,1
DA:39,1
DA:40,1
LF:14
LH:14
end_of_record
SF:lib/features/water_jug/domain/usecases/get_step_list/get_step_list_usecase_impl.dart
DA:6,1
DA:8,1
DA:17,1
DA:18,1
DA:24,2
DA:25,2
DA:26,1
DA:27,1
DA:28,1
DA:29,1
DA:36,2
DA:40,1
DA:42,1
DA:43,1
DA:51,1
DA:53,0
DA:54,0
LF:17
LH:15
end_of_record
SF:lib/features/water_jug/domain/usecases/validate_values/validate_values_usecase_impl.dart
DA:6,1
DA:11,1
DA:17,2
DA:19,2
DA:21,4
LF:5
LH:5
end_of_record
SF:lib/features/water_jug/domain/entities/all_scenarios/all_scenarios_entity.dart
DA:5,3
DA:13,1
DA:16,1
DA:17,3
DA:18,1
DA:19,1
DA:20,1
DA:23,1
DA:25,3
DA:26,2
LF:10
LH:10
end_of_record
SF:lib/features/water_jug/domain/entities/step/step_entity.dart
DA:2,5
DA:11,3
DA:14,2
DA:15,6
DA:16,6
DA:17,6
DA:19,2
DA:20,16
LF:8
LH:8
end_of_record
SF:lib/features/water_jug/presenter/cubits/water_jug/water_jug_state.dart
DA:4,3
DA:14,1
DA:19,1
DA:20,1
DA:21,1
DA:22,1
DA:25,1
DA:26,4
DA:30,3
DA:38,1
DA:47,1
DA:48,3
DA:52,1
DA:61,1
DA:62,3
LF:15
LH:15
end_of_record
SF:lib/features/water_jug/presenter/cubits/water_jug/water_jug_cubit.dart
DA:9,1
DA:14,1
DA:19,1
DA:20,2
DA:21,2
DA:22,2
DA:23,2
DA:25,2
DA:26,1
DA:27,1
DA:29,2
DA:30,2
DA:31,2
DA:34,1
DA:35,2
DA:36,2
DA:37,2
DA:38,2
DA:41,1
DA:42,1
DA:44,2
DA:45,2
DA:46,2
DA:52,1
DA:53,1
DA:54,2
DA:55,1
DA:60,1
DA:61,3
DA:62,1
DA:66,1
DA:67,1
DA:68,2
DA:69,1
LF:34
LH:34
end_of_record
